[debug] [2021-05-12T10:59:24.883Z] ----------------------------------------------------------------------
[debug] [2021-05-12T10:59:24.885Z] Command:       /usr/local/bin/node /usr/local/bin/firebase init
[debug] [2021-05-12T10:59:24.886Z] CLI Version:   9.10.2
[debug] [2021-05-12T10:59:24.886Z] Platform:      darwin
[debug] [2021-05-12T10:59:24.886Z] Node Version:  v14.17.0
[debug] [2021-05-12T10:59:24.887Z] Time:          Wed May 12 2021 18:59:24 GMT+0800 (Philippine Standard Time)
[debug] [2021-05-12T10:59:24.887Z] ----------------------------------------------------------------------
[debug] 
[debug] [2021-05-12T10:59:24.895Z] > command requires scopes: ["email","openid","https://www.googleapis.com/auth/cloudplatformprojects.readonly","https://www.googleapis.com/auth/firebase","https://www.googleapis.com/auth/cloud-platform"]
[debug] [2021-05-12T10:59:24.895Z] > authorizing via signed-in user (elomibao@gmail.com)
[info] 
     ######## #### ########  ######## ########     ###     ######  ########
     ##        ##  ##     ## ##       ##     ##  ##   ##  ##       ##
     ######    ##  ########  ######   ########  #########  ######  ######
     ##        ##  ##    ##  ##       ##     ## ##     ##       ## ##
     ##       #### ##     ## ######## ########  ##     ##  ######  ########

You're about to initialize a Firebase project in this directory:

  /Users/flatter/Dev/terminal-landing-page

[info] 
=== Project Setup
[info] 
[info] First, let's associate this project directory with a Firebase project.
[info] You can create multiple project aliases by running firebase use --add, 
[info] but for now we'll just set up a default project.
[info] 
[debug] [2021-05-12T10:59:48.721Z] >>> [apiv2][query] GET https://firebase.googleapis.com/v1beta1/projects pageSize=100
[debug] [2021-05-12T10:59:49.376Z] <<< [apiv2][status] GET https://firebase.googleapis.com/v1beta1/projects 200
[debug] [2021-05-12T10:59:49.377Z] <<< [apiv2][body] GET https://firebase.googleapis.com/v1beta1/projects [omitted]
[info] i  Using project pivotal-crawler-300516 (111110100) 
[info] 
=== Hosting Setup
[info] 
[info] Your public directory is the folder (relative to your project directory) that
[info] will contain Hosting assets to be uploaded with firebase deploy. If you
[info] have a build process for your assets, use your build's output directory.
[info] 
[info] ✔  Wrote public/404.html 
[debug] [2021-05-12T11:00:30.860Z] >>> [apiv2][query] GET https://www.gstatic.com/firebasejs/releases.json [none]
[debug] [2021-05-12T11:00:31.073Z] <<< [apiv2][status] GET https://www.gstatic.com/firebasejs/releases.json 200
[debug] [2021-05-12T11:00:31.074Z] <<< [apiv2][body] GET https://www.gstatic.com/firebasejs/releases.json {"current":{"version":"8.6.0","browserURL":"https://www.gstatic.com/firebasejs/8.6.0/firebase.js","packageURL":"https://www.gstatic.com/firebasejs/8.6.0/firebase.tgz"},"live":{"version":"8.6","browserURL":"https://www.gstatic.com/firebasejs/live/8.6/firebase.js","packageURL":"https://www.gstatic.com/firebasejs/live/8.6/firebase.tgz"},"components":{"analytics":"https://www.gstatic.com/firebasejs/8.6.0/firebase-analytics.js","app":"https://www.gstatic.com/firebasejs/8.6.0/firebase-app.js","app-check":"https://www.gstatic.com/firebasejs/8.6.0/firebase-app-check.js","auth":"https://www.gstatic.com/firebasejs/8.6.0/firebase-auth.js","database":"https://www.gstatic.com/firebasejs/8.6.0/firebase-database.js","firestore":"https://www.gstatic.com/firebasejs/8.6.0/firebase-firestore.js","functions":"https://www.gstatic.com/firebasejs/8.6.0/firebase-functions.js","installations":"https://www.gstatic.com/firebasejs/8.6.0/firebase-installations.js","messaging":"https://www.gstatic.com/firebasejs/8.6.0/firebase-messaging.js","storage":"https://www.gstatic.com/firebasejs/8.6.0/firebase-storage.js","performance":"https://www.gstatic.com/firebasejs/8.6.0/firebase-performance.js","remote-config":"https://www.gstatic.com/firebasejs/8.6.0/firebase-remote-config.js","firestore.memory":"https://www.gstatic.com/firebasejs/8.6.0/firebase-firestore.memory.js"}}
[info] ✔  Wrote public/index.html 
[info] 
[info] i  Detected a .git folder at /Users/flatter/Dev/terminal-landing-page 
[info] i  Authorizing with GitHub to upload your service account to a GitHub repository's secrets store. 
[info] 
[info] Visit this URL on this device to log in:
[info] https://github.com/login/oauth/authorize?client_id=89cf50f02ac6aaed3484&state=896285546&redirect_uri=http%3A%2F%2Flocalhost%3A9005&scope=read%3Auser%20repo%20public_repo
[info] 
[info] Waiting for authentication...
[debug] [2021-05-12T11:01:20.797Z] >>> HTTP REQUEST POST https://github.com/login/oauth/access_token  
 {"client_id":"89cf50f02ac6aaed3484","client_secret":"3330d14abc895d9a74d5f17cd7a00711fa2c5bf0","code":"33216c2b61bbf28d0f57","redirect_uri":"http://localhost:9005","state":"896285546"}
[debug] [2021-05-12T11:01:21.313Z] <<< HTTP RESPONSE 200 {"server":"GitHub.com","date":"Wed, 12 May 2021 11:01:22 GMT","content-type":"application/json; charset=utf-8","transfer-encoding":"chunked","vary":"X-PJAX, Accept-Encoding, Accept, X-Requested-With","permissions-policy":"interest-cohort=()","etag":"W/\"36385307fe97c8f7828ef5fe59279ccb\"","cache-control":"max-age=0, private, must-revalidate","strict-transport-security":"max-age=31536000; includeSubdomains; preload","x-frame-options":"deny","x-content-type-options":"nosniff","x-xss-protection":"0","referrer-policy":"origin-when-cross-origin, strict-origin-when-cross-origin","expect-ct":"max-age=2592000, report-uri=\"https://api.github.com/_private/browser/errors\"","content-security-policy":"default-src 'none'; base-uri 'self'; block-all-mixed-content; connect-src 'self' uploads.github.com www.githubstatus.com collector.githubapp.com api.github.com github-cloud.s3.amazonaws.com github-production-repository-file-5c1aeb.s3.amazonaws.com github-production-upload-manifest-file-7fdce7.s3.amazonaws.com github-production-user-asset-6210df.s3.amazonaws.com cdn.optimizely.com logx.optimizely.com/v1/events wss://alive.github.com; font-src github.githubassets.com; form-action 'self' github.com gist.github.com; frame-ancestors 'none'; frame-src render.githubusercontent.com; img-src 'self' data: github.githubassets.com identicons.github.com collector.githubapp.com github-cloud.s3.amazonaws.com secured-user-images.githubusercontent.com/ *.githubusercontent.com; manifest-src 'self'; media-src 'none'; script-src github.githubassets.com; style-src 'unsafe-inline' github.githubassets.com; worker-src github.com/socket-worker-3f088aa2.js gist.github.com/socket-worker-3f088aa2.js","x-github-request-id":"3CF2:58BB:3464CC:413993:609BB581"}
[debug] [2021-05-12T11:01:21.320Z] >>> [apiv2][query] GET https://api.github.com/user [none]
[debug] [2021-05-12T11:01:21.996Z] <<< [apiv2][status] GET https://api.github.com/user 200
[debug] [2021-05-12T11:01:21.997Z] <<< [apiv2][body] GET https://api.github.com/user {"login":"111110100","id":25951924,"node_id":"MDQ6VXNlcjI1OTUxOTI0","avatar_url":"https://avatars.githubusercontent.com/u/25951924?v=4","gravatar_id":"","url":"https://api.github.com/users/111110100","html_url":"https://github.com/111110100","followers_url":"https://api.github.com/users/111110100/followers","following_url":"https://api.github.com/users/111110100/following{/other_user}","gists_url":"https://api.github.com/users/111110100/gists{/gist_id}","starred_url":"https://api.github.com/users/111110100/starred{/owner}{/repo}","subscriptions_url":"https://api.github.com/users/111110100/subscriptions","organizations_url":"https://api.github.com/users/111110100/orgs","repos_url":"https://api.github.com/users/111110100/repos","events_url":"https://api.github.com/users/111110100/events{/privacy}","received_events_url":"https://api.github.com/users/111110100/received_events","type":"User","site_admin":false,"name":"111110100","company":null,"blog":"","location":null,"email":null,"hireable":null,"bio":"I like bread.","twitter_username":"111110100","public_repos":9,"public_gists":22,"followers":0,"following":0,"created_at":"2017-02-22T10:06:57Z","updated_at":"2021-05-12T11:01:17Z","private_gists":7,"total_private_repos":4,"owned_private_repos":4,"disk_usage":10442,"collaborators":0,"two_factor_authentication":false,"plan":{"name":"free","space":976562499,"collaborators":0,"private_repos":10000}}
[info] 
[info] ✔  Success! Logged into GitHub as 111110100 
[info] 
